<?xml version="1.0" encoding="UTF-8"?>
<testsuite name="DollarCalculatorTest" tests="1" skipped="0" failures="0" errors="0" timestamp="2022-05-22T01:20:56" hostname="DESKTOP-5SD53H6" time="0.013">
  <properties/>
  <testcase name="dollar()" classname="DollarCalculatorTest" time="0.013"/>
  <system-out><![CDATA[22000
]]></system-out>
  <system-err><![CDATA[]]></system-err>
</testsuite>
